<?xml version="1.0" encoding="UTF-8"?>
<testng-results ignored="0" total="6" passed="6" failed="0" skipped="0">
  <reporter-output>
  </reporter-output>
  <suite started-at="2025-08-13T15:20:53 IST" name="Default suite" finished-at="2025-08-13T15:20:54 IST" duration-ms="888">
    <groups>
      <group name="cucumber">
        <method signature="AbstractTestNGCucumberTests.runScenario(io.cucumber.testng.PickleWrapper,io.cucumber.testng.FeatureWrapper)[pri:0, instance:jeny.cucumberOptions.TestNGRunner@65e98b1c]" name="runScenario" class="io.cucumber.testng.AbstractTestNGCucumberTests"/>
      </group> <!-- cucumber -->
    </groups>
    <test started-at="2025-08-13T15:20:53 IST" name="Default test" finished-at="2025-08-13T15:20:54 IST" duration-ms="888">
      <class name="jeny.cucumberOptions.TestNGRunner">
        <test-method is-config="true" signature="setUpClass(org.testng.ITestContext)[pri:0, instance:jeny.cucumberOptions.TestNGRunner@65e98b1c]" started-at="2025-08-13T15:20:53 IST" name="setUpClass" finished-at="2025-08-13T15:20:53 IST" duration-ms="617" status="PASS">
          <params>
            <param index="0">
              <value>
                <![CDATA[org.testng.TestRunner@53bc1328]]>
              </value>
            </param>
          </params>
          <reporter-output>
          </reporter-output>
        </test-method> <!-- setUpClass -->
        <test-method signature="runScenario(io.cucumber.testng.PickleWrapper,io.cucumber.testng.FeatureWrapper)[pri:0, instance:jeny.cucumberOptions.TestNGRunner@65e98b1c]" started-at="2025-08-13T15:20:53 IST" name="runScenario" description="Runs Cucumber Scenarios" data-provider="scenarios" finished-at="2025-08-13T15:20:54 IST" duration-ms="131" status="PASS">
          <params>
            <param index="0">
              <value>
                <![CDATA["Successful login to the app by Admin"]]>
              </value>
            </param>
            <param index="1">
              <value>
                <![CDATA["Application Login."]]>
              </value>
            </param>
          </params>
          <reporter-output>
          </reporter-output>
        </test-method> <!-- runScenario -->
        <test-method signature="runScenario(io.cucumber.testng.PickleWrapper,io.cucumber.testng.FeatureWrapper)[pri:0, instance:jeny.cucumberOptions.TestNGRunner@65e98b1c]" started-at="2025-08-13T15:20:54 IST" name="runScenario" description="Runs Cucumber Scenarios" data-provider="scenarios" finished-at="2025-08-13T15:20:54 IST" duration-ms="9" status="PASS">
          <params>
            <param index="0">
              <value>
                <![CDATA["Successful login to the app by Customer"]]>
              </value>
            </param>
            <param index="1">
              <value>
                <![CDATA["Application Login."]]>
              </value>
            </param>
          </params>
          <reporter-output>
          </reporter-output>
        </test-method> <!-- runScenario -->
        <test-method signature="runScenario(io.cucumber.testng.PickleWrapper,io.cucumber.testng.FeatureWrapper)[pri:0, instance:jeny.cucumberOptions.TestNGRunner@65e98b1c]" started-at="2025-08-13T15:20:54 IST" name="runScenario" description="Runs Cucumber Scenarios" data-provider="scenarios" finished-at="2025-08-13T15:20:54 IST" duration-ms="4" status="PASS">
          <params>
            <param index="0">
              <value>
                <![CDATA["Login to the application is blokced while using invalid user credential"]]>
              </value>
            </param>
            <param index="1">
              <value>
                <![CDATA["Application Login."]]>
              </value>
            </param>
          </params>
          <reporter-output>
          </reporter-output>
        </test-method> <!-- runScenario -->
        <test-method signature="runScenario(io.cucumber.testng.PickleWrapper,io.cucumber.testng.FeatureWrapper)[pri:0, instance:jeny.cucumberOptions.TestNGRunner@65e98b1c]" started-at="2025-08-13T15:20:54 IST" name="runScenario" description="Runs Cucumber Scenarios" data-provider="scenarios" finished-at="2025-08-13T15:20:54 IST" duration-ms="6" status="PASS">
          <params>
            <param index="0">
              <value>
                <![CDATA["Login to the application is blokced while using invalid user credential"]]>
              </value>
            </param>
            <param index="1">
              <value>
                <![CDATA["Application Login."]]>
              </value>
            </param>
          </params>
          <reporter-output>
          </reporter-output>
        </test-method> <!-- runScenario -->
        <test-method signature="runScenario(io.cucumber.testng.PickleWrapper,io.cucumber.testng.FeatureWrapper)[pri:0, instance:jeny.cucumberOptions.TestNGRunner@65e98b1c]" started-at="2025-08-13T15:20:54 IST" name="runScenario" description="Runs Cucumber Scenarios" data-provider="scenarios" finished-at="2025-08-13T15:20:54 IST" duration-ms="6" status="PASS">
          <params>
            <param index="0">
              <value>
                <![CDATA["Login to the application is blokced while using invalid user credential"]]>
              </value>
            </param>
            <param index="1">
              <value>
                <![CDATA["Application Login."]]>
              </value>
            </param>
          </params>
          <reporter-output>
          </reporter-output>
        </test-method> <!-- runScenario -->
        <test-method signature="runScenario(io.cucumber.testng.PickleWrapper,io.cucumber.testng.FeatureWrapper)[pri:0, instance:jeny.cucumberOptions.TestNGRunner@65e98b1c]" started-at="2025-08-13T15:20:54 IST" name="runScenario" description="Runs Cucumber Scenarios" data-provider="scenarios" finished-at="2025-08-13T15:20:54 IST" duration-ms="16" status="PASS">
          <params>
            <param index="0">
              <value>
                <![CDATA["Sign up by new user"]]>
              </value>
            </param>
            <param index="1">
              <value>
                <![CDATA["Application Login."]]>
              </value>
            </param>
          </params>
          <reporter-output>
          </reporter-output>
        </test-method> <!-- runScenario -->
        <test-method is-config="true" signature="tearDownClass()[pri:0, instance:jeny.cucumberOptions.TestNGRunner@65e98b1c]" started-at="2025-08-13T15:20:54 IST" name="tearDownClass" finished-at="2025-08-13T15:20:54 IST" duration-ms="40" status="PASS">
          <reporter-output>
          </reporter-output>
        </test-method> <!-- tearDownClass -->
      </class> <!-- jeny.cucumberOptions.TestNGRunner -->
    </test> <!-- Default test -->
  </suite> <!-- Default suite -->
</testng-results>
